        -:    0:Source:Collatz.c++
        -:    0:Graph:Collatz.gcno
        -:    0:Data:Collatz.gcda
        -:    0:Runs:1
        -:    0:Programs:1
        -:    1:// ----------------------------
        -:    2:// projects/collatz/Collatz.c++
        -:    3:// Copyright (C) 2015
        -:    4:// Glenn P. Downing
        -:    5:// ----------------------------
        -:    6:
        -:    7:// --------
        -:    8:// includes
        -:    9:// --------
        -:   10:
        -:   11:#include <cassert>  // assert
        -:   12:#include <iostream> // endl, istream, ostream
        -:   13:#include <sstream>  // istringstream
        -:   14:#include <string>   // getline, string
        -:   15:#include <utility>  // make_pair, pair
        -:   16:
        -:   17:#include "Collatz.h"
        -:   18:
        -:   19:using namespace std;
        -:   20:
        -:   21:// ------------
        -:   22:// collatz_read
        -:   23:// ------------
        -:   24:
function _Z12collatz_readRKSs called 6 returned 100% blocks executed 80%
        6:   25:pair<int, int> collatz_read (const string& s) {
        6:   26:    istringstream sin(s);
call    0 returned 100%
branch  1 taken 100% (fallthrough)
branch  2 taken 0% (throw)
        -:   27:    int i;
        -:   28:    int j;
        6:   29:    sin >> i >> j;
call    0 returned 100%
branch  1 taken 100% (fallthrough)
branch  2 taken 0% (throw)
call    3 returned 100%
branch  4 taken 100% (fallthrough)
branch  5 taken 0% (throw)
        6:   30:    return make_pair(i, j);}
call    0 returned 100%
call    1 returned 100%
call    2 never executed
        -:   31:
        -:   32:// ------------
        -:   33:// collatz_eval
        -:   34:// ------------
        -:   35:
function _Z12collatz_evalii called 9 returned 100% blocks executed 93%
        9:   36:int collatz_eval (int i, int j) {
        -:   37:    // <your code>
        9:   38:int first=0; int last=0;
        9:   39:if (i<=j) {
branch  0 taken 100% (fallthrough)
branch  1 taken 0%
        9:   40:	 first = i; last = j;
        -:   41:} 
        -:   42:else { 
    #####:   43:	first = j; last = i;
        -:   44:} 
        -:   45:
        9:   46:int High = 0;
      454:   47:for ( int a = first; a <= last; a= a+1)
branch  0 taken 98%
branch  1 taken 2% (fallthrough)
        -:   48:{
      445:   49:	int temp = 1; 
      445:   50:	int b = a;
    26015:   51:	while (b != 1){
branch  0 taken 98%
branch  1 taken 2% (fallthrough)
    25125:   52:		if (b%2 ==0) {
branch  0 taken 67% (fallthrough)
branch  1 taken 33%
    16854:   53:			b = b/2;
    16854:   54:			temp++;
        -:   55:		}	
        -:   56:		else {
     8271:   57:			b=b *3+1;
     8271:   58:			temp++;
        -:   59:		}
        -:   60:	}
        -:   61:
      445:   62:	if (temp >= High){
branch  0 taken 17% (fallthrough)
branch  1 taken 83%
       75:   63:		High = temp;
        -:   64:	}
        -:   65:}
        9:   66:    return High;
        -:   67:}
        -:   68:
        -:   69:// -------------
        -:   70:// collatz_print
        -:   71:// -------------
        -:   72:
function _Z13collatz_printRSoiii called 9 returned 100% blocks executed 100%
        9:   73:void collatz_print (ostream& w, int i, int j, int v) {
        9:   74:    w << i << " " << j << " " << v << endl;}
call    0 returned 100%
call    1 returned 100%
call    2 returned 100%
call    3 returned 100%
call    4 returned 100%
call    5 returned 100%
        -:   75:
        -:   76:// -------------
        -:   77:// collatz_solve
        -:   78:// -------------
        -:   79:
function _Z13collatz_solveRSiRSo called 2 returned 100% blocks executed 80%
        2:   80:void collatz_solve (istream& r, ostream& w) {
        2:   81:    string s;
call    0 returned 100%
branch  1 taken 100% (fallthrough)
branch  2 taken 0% (throw)
        9:   82:    while (getline(r, s)) {
call    0 returned 100%
branch  1 taken 100% (fallthrough)
branch  2 taken 0% (throw)
call    3 returned 100%
branch  4 taken 100% (fallthrough)
branch  5 taken 0% (throw)
branch  6 taken 71%
branch  7 taken 29% (fallthrough)
        5:   83:        const pair<int, int> p = collatz_read(s);
call    0 returned 100%
branch  1 taken 100% (fallthrough)
branch  2 taken 0% (throw)
        5:   84:        const int            i = p.first;
        5:   85:        const int            j = p.second;
        5:   86:        const int            v = collatz_eval(i, j);
call    0 returned 100%
function _GLOBAL__sub_I__Z12collatz_readRKSs called 1 returned 100% blocks executed 100%
function _Z41__static_initialization_and_destruction_0ii called 1 returned 100% blocks executed 100%
       10:   87:        collatz_print(w, i, j, v);}}
call    0 returned 100%
branch  1 taken 100% (fallthrough)
branch  2 taken 0%
branch  3 taken 100% (fallthrough)
branch  4 taken 0%
call    5 returned 100%
branch  6 taken 100% (fallthrough)
branch  7 taken 0% (throw)
call    8 returned 100%
call    9 never executed
